<?xml version="1.0" encoding="UTF-8"?>
<!-- Generated by org.testng.reporters.JUnitReportReporter -->
<testsuite hostname="praveenraj" failures="0" tests="1" name="testCases.TC002_LoginTest" time="11.359" errors="0" timestamp="2024-08-18T09:35:14 IST" skipped="0">
  <testcase classname="testCases.TC002_LoginTest" name="verify_login" time="11.359"/>
</testsuite> <!-- testCases.TC002_LoginTest -->
