<?xml version="1.0" encoding="UTF-8"?>
<!-- Generated by org.testng.reporters.JUnitReportReporter -->
<testsuite hostname="praveenraj" failures="0" tests="1" name="testCases.TC001_AccountRegistrationTest" time="2.105" errors="0" timestamp="2024-08-18T09:35:14 IST" skipped="0">
  <testcase classname="testCases.TC001_AccountRegistrationTest" name="verify_account_registration" time="2.105"/>
</testsuite> <!-- testCases.TC001_AccountRegistrationTest -->
