<?xml version="1.0" encoding="UTF-8"?>
<!-- Generated by org.testng.reporters.JUnitReportReporter -->
<testsuite hostname="praveenraj" failures="0" tests="1" name="testCases.TC001_AccountRegistrationTest" time="2.884" errors="0" timestamp="2024-08-28T06:33:33 IST" skipped="0">
  <testcase classname="testCases.TC001_AccountRegistrationTest" name="verify_account_registration" time="2.884"/>
</testsuite> <!-- testCases.TC001_AccountRegistrationTest -->
