<?xml version="1.0" encoding="UTF-8"?>
<!-- Generated by org.testng.reporters.JUnitReportReporter -->
<testsuite hostname="praveenraj" failures="0" tests="1" name="testCases.TC002_LoginTest" time="11.989" errors="0" timestamp="2024-08-28T06:33:33 IST" skipped="0">
  <testcase classname="testCases.TC002_LoginTest" name="verify_login" time="11.989"/>
</testsuite> <!-- testCases.TC002_LoginTest -->
